<?xml version="1.0" encoding="UTF-8"?>
<testng-results skipped="0" failed="0" ignored="0" total="1" passed="1">
  <reporter-output>
  </reporter-output>
  <suite name="Default suite" duration-ms="1010" started-at="2019-04-14T12:02:21Z" finished-at="2019-04-14T12:02:22Z">
    <groups>
    </groups>
    <test name="Default test" duration-ms="1010" started-at="2019-04-14T12:02:21Z" finished-at="2019-04-14T12:02:22Z">
      <class name="com.qa.test.PostAPITest">
        <test-method status="PASS" signature="postAPITest()[pri:0, instance:com.qa.test.PostAPITest@29ee9faa]" name="postAPITest" duration-ms="994" started-at="2019-04-14T12:02:21Z" finished-at="2019-04-14T12:02:22Z">
          <reporter-output>
          </reporter-output>
        </test-method> <!-- postAPITest -->
        <test-method status="PASS" signature="setUp()[pri:0, instance:com.qa.test.PostAPITest@29ee9faa]" name="setUp" is-config="true" duration-ms="0" started-at="2019-04-14T12:02:21Z" finished-at="2019-04-14T12:02:21Z">
          <reporter-output>
          </reporter-output>
        </test-method> <!-- setUp -->
      </class> <!-- com.qa.test.PostAPITest -->
    </test> <!-- Default test -->
  </suite> <!-- Default suite -->
</testng-results>
